<?xml version="1.0" encoding="UTF-8"?>
<testng-results skipped="0" failed="0" ignored="0" total="3" passed="3">
  <reporter-output>
  </reporter-output>
  <suite name="Suite" duration-ms="27304" started-at="2020-05-15T10:23:46 IST" finished-at="2020-05-15T10:24:13 IST">
    <groups>
    </groups>
    <test name="Test" duration-ms="27304" started-at="2020-05-15T10:23:46 IST" finished-at="2020-05-15T10:24:13 IST">
      <class name="com.testngproject.parallel.ParallelExecution">
        <test-method status="PASS" signature="executSessionOne()[pri:0, instance:com.testngproject.parallel.ParallelExecution@47ef968d]" name="executSessionOne" duration-ms="26257" started-at="2020-05-15T10:23:46 IST" finished-at="2020-05-15T10:24:12 IST">
          <reporter-output>
          </reporter-output>
        </test-method> <!-- executSessionOne -->
        <test-method status="PASS" signature="executeSessionTwo()[pri:0, instance:com.testngproject.parallel.ParallelExecution@47ef968d]" name="executeSessionTwo" duration-ms="27241" started-at="2020-05-15T10:23:46 IST" finished-at="2020-05-15T10:24:13 IST">
          <reporter-output>
          </reporter-output>
        </test-method> <!-- executeSessionTwo -->
        <test-method status="PASS" signature="executSessionThree()[pri:0, instance:com.testngproject.parallel.ParallelExecution@47ef968d]" name="executSessionThree" duration-ms="27260" started-at="2020-05-15T10:23:46 IST" finished-at="2020-05-15T10:24:13 IST">
          <reporter-output>
          </reporter-output>
        </test-method> <!-- executSessionThree -->
      </class> <!-- com.testngproject.parallel.ParallelExecution -->
    </test> <!-- Test -->
  </suite> <!-- Suite -->
</testng-results>
